Compiling the C compiler identification source file "CMakeCCompilerId.c" failed.
Compiler: /Library/Developer/CommandLineTools/usr/bin/cc 
Build flags: 
Id flags:  

The output was:
1
ld: library not found for -lSystem
clang: error: linker command failed with exit code 1 (use -v to see invocation)


Compiling the CXX compiler identification source file "CMakeCXXCompilerId.cpp" failed.
Compiler: /Library/Developer/CommandLineTools/usr/bin/c++ 
Build flags: 
Id flags:  

The output was:
1
ld: library not found for -lc++
clang: error: linker command failed with exit code 1 (use -v to see invocation)


Determining if the function sgemm_ exists failed with the following output:
Change Dir: /Users/rich1999/Documents/Berkeley_Homework/cs267/HW1/hw1/cmake-build-debug/CMakeFiles/CMakeTmp

Run Build Command(s):/Applications/CLion.app/Contents/bin/ninja/mac/ninja cmTC_0bfbc && [1/2] Building C object CMakeFiles/cmTC_0bfbc.dir/CheckFunctionExists.c.o
[2/2] Linking C executable cmTC_0bfbc
FAILED: cmTC_0bfbc 
: && /Library/Developer/CommandLineTools/usr/bin/cc -DCHECK_FUNCTION_EXISTS=sgemm_ -isysroot /Library/Developer/CommandLineTools/SDKs/MacOSX13.0.sdk -Wl,-search_paths_first -Wl,-headerpad_max_install_names  CMakeFiles/cmTC_0bfbc.dir/CheckFunctionExists.c.o -o cmTC_0bfbc   && :
Undefined symbols for architecture x86_64:
  "_sgemm_", referenced from:
      _main in CheckFunctionExists.c.o
ld: symbol(s) not found for architecture x86_64
clang: error: linker command failed with exit code 1 (use -v to see invocation)
ninja: build stopped: subcommand failed.



